sfml-graphics-s-d.lib(Texture.cpp.obj) : error LNK2019: ссылка на неразрешенный внешний символ _glFlush@0 в функции "public: bool __thiscall sf::Texture::loadFromImage(class sf::Image const &,class sf::Rect<int> const &)" (?loadFromImage@Texture@sf@@QAE_NABVImage@2@ABV?$Rect@H@2@@Z)
sfml-graphics-s-d.lib(Shader.cpp.obj) : error LNK2001: неразрешенный внешний символ "_glFlush@0"
sfml-graphics-s-d.lib(Texture.cpp.obj) : error LNK2019: ссылка на неразрешенный внешний символ _glGetIntegerv@8 в функции "unsigned int __cdecl `anonymous namespace'::checkMaximumTextureSize(void)" (?checkMaximumTextureSize@?A0x76b0c307@@YAIXZ)
sfml-graphics-s-d.lib(TextureSaver.cpp.obj) : error LNK2001: неразрешенный внешний символ "_glGetIntegerv@8"
sfml-graphics-s-d.lib(Shader.cpp.obj) : error LNK2001: неразрешенный внешний символ "_glGetIntegerv@8"
sfml-graphics-s-d.lib(Texture.cpp.obj) : error LNK2019: ссылка на неразрешенный внешний символ _glGetTexImage@20 в функции "public: class sf::Image __thiscall sf::Texture::copyToImage(void)const " (?copyToImage@Texture@sf@@QBE?AVImage@2@XZ)
sfml-graphics-s-d.lib(Texture.cpp.obj) : error LNK2019: ссылка на неразрешенный внешний символ _glLoadIdentity@0 в функции "public: static void __cdecl sf::Texture::bind(class sf::Texture const *,enum sf::Texture::CoordinateType)" (?bind@Texture@sf@@SAXPBV12@W4CoordinateType@12@@Z)
sfml-graphics-s-d.lib(Texture.cpp.obj) : error LNK2019: ссылка на неразрешенный внешний символ _glLoadMatrixf@4 в функции "public: static void __cdecl sf::Texture::bind(class sf::Texture const *,enum sf::Texture::CoordinateType)" (?bind@Texture@sf@@SAXPBV12@W4CoordinateType@12@@Z)
sfml-graphics-s-d.lib(RenderTarget.cpp.obj) : error LNK2001: неразрешенный внешний символ "_glLoadMatrixf@4"
sfml-graphics-s-d.lib(Texture.cpp.obj) : error LNK2019: ссылка на неразрешенный внешний символ _glMatrixMode@4 в функции "public: static void __cdecl sf::Texture::bind(class sf::Texture const *,enum sf::Texture::CoordinateType)" (?bind@Texture@sf@@SAXPBV12@W4CoordinateType@12@@Z)
sfml-graphics-s-d.lib(RenderTarget.cpp.obj) : error LNK2001: неразрешенный внешний символ "_glMatrixMode@4"
sfml-graphics-s-d.lib(Texture.cpp.obj) : error LNK2019: ссылка на неразрешенный внешний символ _glTexImage2D@36 в функции "public: bool __thiscall sf::Texture::create(unsigned int,unsigned int)" (?create@Texture@sf@@QAE_NII@Z)
sfml-graphics-s-d.lib(Texture.cpp.obj) : error LNK2019: ссылка на неразрешенный внешний символ _glTexParameteri@12 в функции "public: bool __thiscall sf::Texture::create(unsigned int,unsigned int)" (?create@Texture@sf@@QAE_NII@Z)
sfml-graphics-s-d.lib(Texture.cpp.obj) : error LNK2019: ссылка на неразрешенный внешний символ _glBindTexture@8 в функции "public: bool __thiscall sf::Texture::create(unsigned int,unsigned int)" (?create@Texture@sf@@QAE_NII@Z)
sfml-graphics-s-d.lib(TextureSaver.cpp.obj) : error LNK2001: неразрешенный внешний символ "_glBindTexture@8"
sfml-graphics-s-d.lib(Texture.cpp.obj) : error LNK2019: ссылка на неразрешенный внешний символ _glCopyTexSubImage2D@32 в функции "public: void __thiscall sf::Texture::update(class sf::Window const &,unsigned int,unsigned int)" (?update@Texture@sf@@QAEXABVWindow@2@II@Z)
sfml-graphics-s-d.lib(Texture.cpp.obj) : error LNK2019: ссылка на неразрешенный внешний символ _glDeleteTextures@8 в функции "public: __thiscall sf::Texture::~Texture(void)" (??1Texture@sf@@QAE@XZ)
sfml-graphics-s-d.lib(Texture.cpp.obj) : error LNK2019: ссылка на неразрешенный внешний символ _glGenTextures@8 в функции "public: bool __thiscall sf::Texture::create(unsigned int,unsigned int)" (?create@Texture@sf@@QAE_NII@Z)
sfml-graphics-s-d.lib(Texture.cpp.obj) : error LNK2019: ссылка на неразрешенный внешний символ _glTexSubImage2D@36 в функции "public: bool __thiscall sf::Texture::loadFromImage(class sf::Image const &,class sf::Rect<int> const &)" (?loadFromImage@Texture@sf@@QAE_NABVImage@2@ABV?$Rect@H@2@@Z)
sfml-graphics-s-d.lib(RenderTarget.cpp.obj) : error LNK2019: ссылка на неразрешенный внешний символ _glBlendFunc@8 в функции "private: void __thiscall sf::RenderTarget::applyBlendMode(struct sf::BlendMode const &)" (?applyBlendMode@RenderTarget@sf@@AAEXABUBlendMode@2@@Z)
sfml-graphics-s-d.lib(RenderTarget.cpp.obj) : error LNK2019: ссылка на неразрешенный внешний символ _glClear@4 в функции "public: void __thiscall sf::RenderTarget::clear(class sf::Color const &)" (?clear@RenderTarget@sf@@QAEXABVColor@2@@Z)
sfml-graphics-s-d.lib(RenderTarget.cpp.obj) : error LNK2019: ссылка на неразрешенный внешний символ _glClearColor@16 в функции "public: void __thiscall sf::RenderTarget::clear(class sf::Color const &)" (?clear@RenderTarget@sf@@QAEXABVColor@2@@Z)
sfml-graphics-s-d.lib(RenderTarget.cpp.obj) : error LNK2019: ссылка на неразрешенный внешний символ _glDisable@4 в функции "public: void __thiscall sf::RenderTarget::resetGLStates(void)" (?resetGLStates@RenderTarget@sf@@QAEXXZ)
sfml-graphics-s-d.lib(RenderTarget.cpp.obj) : error LNK2019: ссылка на неразрешенный внешний символ _glEnable@4 в функции "public: void __thiscall sf::RenderTarget::resetGLStates(void)" (?resetGLStates@RenderTarget@sf@@QAEXXZ)
sfml-graphics-s-d.lib(RenderTarget.cpp.obj) : error LNK2019: ссылка на неразрешенный внешний символ _glGetError@0 в функции "public: void __thiscall sf::RenderTarget::pushGLStates(void)" (?pushGLStates@RenderTarget@sf@@QAEXXZ)
sfml-graphics-s-d.lib(GLCheck.cpp.obj) : error LNK2001: неразрешенный внешний символ "_glGetError@0"
sfml-graphics-s-d.lib(RenderTarget.cpp.obj) : error LNK2019: ссылка на неразрешенный внешний символ _glPopAttrib@0 в функции "public: void __thiscall sf::RenderTarget::popGLStates(void)" (?popGLStates@RenderTarget@sf@@QAEXXZ)
sfml-graphics-s-d.lib(RenderTarget.cpp.obj) : error LNK2019: ссылка на неразрешенный внешний символ _glPopMatrix@0 в функции "public: void __thiscall sf::RenderTarget::popGLStates(void)" (?popGLStates@RenderTarget@sf@@QAEXXZ)
sfml-graphics-s-d.lib(RenderTarget.cpp.obj) : error LNK2019: ссылка на неразрешенный внешний символ _glPushAttrib@4 в функции "public: void __thiscall sf::RenderTarget::pushGLStates(void)" (?pushGLStates@RenderTarget@sf@@QAEXXZ)
sfml-graphics-s-d.lib(RenderTarget.cpp.obj) : error LNK2019: ссылка на неразрешенный внешний символ _glPushMatrix@0 в функции "public: void __thiscall sf::RenderTarget::pushGLStates(void)" (?pushGLStates@RenderTarget@sf@@QAEXXZ)
sfml-graphics-s-d.lib(RenderTarget.cpp.obj) : error LNK2019: ссылка на неразрешенный внешний символ _glViewport@16 в функции "private: void __thiscall sf::RenderTarget::applyCurrentView(void)" (?applyCurrentView@RenderTarget@sf@@AAEXXZ)
sfml-graphics-s-d.lib(RenderTarget.cpp.obj) : error LNK2019: ссылка на неразрешенный внешний символ _glColorPointer@16 в функции "public: void __thiscall sf::RenderTarget::draw(class sf::Vertex const *,unsigned int,enum sf::PrimitiveType,class sf::RenderStates const &)" (?draw@RenderTarget@sf@@QAEXPBVVertex@2@IW4PrimitiveType@2@ABVRenderStates@2@@Z)
sfml-graphics-s-d.lib(RenderTarget.cpp.obj) : error LNK2019: ссылка на неразрешенный внешний символ _glDrawArrays@12 в функции "public: void __thiscall sf::RenderTarget::draw(class sf::Vertex const *,unsigned int,enum sf::PrimitiveType,class sf::RenderStates const &)" (?draw@RenderTarget@sf@@QAEXPBVVertex@2@IW4PrimitiveType@2@ABVRenderStates@2@@Z)
sfml-graphics-s-d.lib(RenderTarget.cpp.obj) : error LNK2019: ссылка на неразрешенный внешний символ _glEnableClientState@4 в функции "public: void __thiscall sf::RenderTarget::resetGLStates(void)" (?resetGLStates@RenderTarget@sf@@QAEXXZ)
sfml-graphics-s-d.lib(RenderTarget.cpp.obj) : error LNK2019: ссылка на неразрешенный внешний символ _glPopClientAttrib@0 в функции "public: void __thiscall sf::RenderTarget::popGLStates(void)" (?popGLStates@RenderTarget@sf@@QAEXXZ)
sfml-graphics-s-d.lib(RenderTarget.cpp.obj) : error LNK2019: ссылка на неразрешенный внешний символ _glPushClientAttrib@4 в функции "public: void __thiscall sf::RenderTarget::pushGLStates(void)" (?pushGLStates@RenderTarget@sf@@QAEXXZ)
sfml-graphics-s-d.lib(RenderTarget.cpp.obj) : error LNK2019: ссылка на неразрешенный внешний символ _glTexCoordPointer@16 в функции "public: void __thiscall sf::RenderTarget::draw(class sf::Vertex const *,unsigned int,enum sf::PrimitiveType,class sf::RenderStates const &)" (?draw@RenderTarget@sf@@QAEXPBVVertex@2@IW4PrimitiveType@2@ABVRenderStates@2@@Z)
sfml-graphics-s-d.lib(RenderTarget.cpp.obj) : error LNK2019: ссылка на неразрешенный внешний символ _glVertexPointer@16 в функции "public: void __thiscall sf::RenderTarget::draw(class sf::Vertex const *,unsigned int,enum sf::PrimitiveType,class sf::RenderStates const &)" (?draw@RenderTarget@sf@@QAEXPBVVertex@2@IW4PrimitiveType@2@ABVRenderStates@2@@Z)
sfml-graphics-s-d.lib(ImageLoader.cpp.obj) : error LNK2019: ссылка на неразрешенный внешний символ _jpeg_std_error в функции "private: bool __thiscall sf::priv::ImageLoader::writeJpg(class std::basic_string<char,struct std::char_traits<char>,class std::allocator<char> > const &,class std::vector<unsigned char,class std::allocator<unsigned char> > const &,unsigned int,unsigned int)" (?writeJpg@ImageLoader@priv@sf@@AAE_NABV?$basic_string@DU?$char_traits@D@std@@V?$allocator@D@2@@std@@ABV?$vector@EV?$allocator@E@std@@@5@II@Z)
sfml-graphics-s-d.lib(ImageLoader.cpp.obj) : error LNK2019: ссылка на неразрешенный внешний символ _jpeg_CreateCompress в функции "private: bool __thiscall sf::priv::ImageLoader::writeJpg(class std::basic_string<char,struct std::char_traits<char>,class std::allocator<char> > const &,class std::vector<unsigned char,class std::allocator<unsigned char> > const &,unsigned int,unsigned int)" (?writeJpg@ImageLoader@priv@sf@@AAE_NABV?$basic_string@DU?$char_traits@D@std@@V?$allocator@D@2@@std@@ABV?$vector@EV?$allocator@E@std@@@5@II@Z)
sfml-graphics-s-d.lib(ImageLoader.cpp.obj) : error LNK2019: ссылка на неразрешенный внешний символ _jpeg_destroy_compress в функции "private: bool __thiscall sf::priv::ImageLoader::writeJpg(class std::basic_string<char,struct std::char_traits<char>,class std::allocator<char> > const &,class std::vector<unsigned char,class std::allocator<unsigned char> > const &,unsigned int,unsigned int)" (?writeJpg@ImageLoader@priv@sf@@AAE_NABV?$basic_string@DU?$char_traits@D@std@@V?$allocator@D@2@@std@@ABV?$vector@EV?$allocator@E@std@@@5@II@Z)
sfml-graphics-s-d.lib(ImageLoader.cpp.obj) : error LNK2019: ссылка на неразрешенный внешний символ _jpeg_stdio_dest в функции "private: bool __thiscall sf::priv::ImageLoader::writeJpg(class std::basic_string<char,struct std::char_traits<char>,class std::allocator<char> > const &,class std::vector<unsigned char,class std::allocator<unsigned char> > const &,unsigned int,unsigned int)" (?writeJpg@ImageLoader@priv@sf@@AAE_NABV?$basic_string@DU?$char_traits@D@std@@V?$allocator@D@2@@std@@ABV?$vector@EV?$allocator@E@std@@@5@II@Z)
sfml-graphics-s-d.lib(ImageLoader.cpp.obj) : error LNK2019: ссылка на неразрешенный внешний символ _jpeg_set_defaults в функции "private: bool __thiscall sf::priv::ImageLoader::writeJpg(class std::basic_string<char,struct std::char_traits<char>,class std::allocator<char> > const &,class std::vector<unsigned char,class std::allocator<unsigned char> > const &,unsigned int,unsigned int)" (?writeJpg@ImageLoader@priv@sf@@AAE_NABV?$basic_string@DU?$char_traits@D@std@@V?$allocator@D@2@@std@@ABV?$vector@EV?$allocator@E@std@@@5@II@Z)
sfml-graphics-s-d.lib(ImageLoader.cpp.obj) : error LNK2019: ссылка на неразрешенный внешний символ _jpeg_set_quality в функции "private: bool __thiscall sf::priv::ImageLoader::writeJpg(class std::basic_string<char,struct std::char_traits<char>,class std::allocator<char> > const &,class std::vector<unsigned char,class std::allocator<unsigned char> > const &,unsigned int,unsigned int)" (?writeJpg@ImageLoader@priv@sf@@AAE_NABV?$basic_string@DU?$char_traits@D@std@@V?$allocator@D@2@@std@@ABV?$vector@EV?$allocator@E@std@@@5@II@Z)
sfml-graphics-s-d.lib(ImageLoader.cpp.obj) : error LNK2019: ссылка на неразрешенный внешний символ _jpeg_start_compress в функции "private: bool __thiscall sf::priv::ImageLoader::writeJpg(class std::basic_string<char,struct std::char_traits<char>,class std::allocator<char> > const &,class std::vector<unsigned char,class std::allocator<unsigned char> > const &,unsigned int,unsigned int)" (?writeJpg@ImageLoader@priv@sf@@AAE_NABV?$basic_string@DU?$char_traits@D@std@@V?$allocator@D@2@@std@@ABV?$vector@EV?$allocator@E@std@@@5@II@Z)
sfml-graphics-s-d.lib(ImageLoader.cpp.obj) : error LNK2019: ссылка на неразрешенный внешний символ _jpeg_write_scanlines в функции "private: bool __thiscall sf::priv::ImageLoader::writeJpg(class std::basic_string<char,struct std::char_traits<char>,class std::allocator<char> > const &,class std::vector<unsigned char,class std::allocator<unsigned char> > const &,unsigned int,unsigned int)" (?writeJpg@ImageLoader@priv@sf@@AAE_NABV?$basic_string@DU?$char_traits@D@std@@V?$allocator@D@2@@std@@ABV?$vector@EV?$allocator@E@std@@@5@II@Z)
sfml-graphics-s-d.lib(ImageLoader.cpp.obj) : error LNK2019: ссылка на неразрешенный внешний символ _jpeg_finish_compress в функции "private: bool __thiscall sf::priv::ImageLoader::writeJpg(class std::basic_string<char,struct std::char_traits<char>,class std::allocator<char> > const &,class std::vector<unsigned char,class std::allocator<unsigned char> > const &,unsigned int,unsigned int)" (?writeJpg@ImageLoader@priv@sf@@AAE_NABV?$basic_string@DU?$char_traits@D@std@@V?$allocator@D@2@@std@@ABV?$vector@EV?$allocator@E@std@@@5@II@Z)
sfml-window-s-d.lib(Context.cpp.obj) : error LNK2019: ссылка на неразрешенный внешний символ __imp__glGetIntegerv@8 в функции "public: static bool __cdecl sf::Context::isExtensionAvailable(char const *)" (?isExtensionAvailable@Context@sf@@SA_NPBD@Z)
sfml-window-s-d.lib(GlContext.cpp.obj) : error LNK2001: неразрешенный внешний символ "__imp__glGetIntegerv@8"
sfml-window-s-d.lib(Context.cpp.obj) : error LNK2019: ссылка на неразрешенный внешний символ __imp__glGetString@4 в функции "public: static bool __cdecl sf::Context::isExtensionAvailable(char const *)" (?isExtensionAvailable@Context@sf@@SA_NPBD@Z)
sfml-window-s-d.lib(GlContext.cpp.obj) : error LNK2001: неразрешенный внешний символ "__imp__glGetString@4"
sfml-window-s-d.lib(GlContext.cpp.obj) : error LNK2019: ссылка на неразрешенный внешний символ __imp__glEnable@4 в функции "private: void __thiscall sf::priv::GlContext::initialize(struct sf::ContextSettings const &)" (?initialize@GlContext@priv@sf@@AAEXABUContextSettings@3@@Z)
sfml-window-s-d.lib(GlContext.cpp.obj) : error LNK2019: ссылка на неразрешенный внешний символ __imp__glGetError@0 в функции "private: void __thiscall sf::priv::GlContext::initialize(struct sf::ContextSettings const &)" (?initialize@GlContext@priv@sf@@AAEXABUContextSettings@3@@Z)
sfml-window-s-d.lib(GlContext.cpp.obj) : error LNK2019: ссылка на неразрешенный внешний символ __imp__glIsEnabled@4 в функции "private: void __thiscall sf::priv::GlContext::initialize(struct sf::ContextSettings const &)" (?initialize@GlContext@priv@sf@@AAEXABUContextSettings@3@@Z)
sfml-window-s-d.lib(WglContext.cpp.obj) : error LNK2019: ссылка на неразрешенный внешний символ __imp__wglCreateContext@4 в функции "private: void __thiscall sf::priv::WglContext::createContext(class sf::priv::WglContext *)" (?createContext@WglContext@priv@sf@@AAEXPAV123@@Z)
sfml-window-s-d.lib(WglContext.cpp.obj) : error LNK2019: ссылка на неразрешенный внешний символ __imp__wglDeleteContext@4 в функции "public: virtual __thiscall sf::priv::WglContext::~WglContext(void)" (??1WglContext@priv@sf@@UAE@XZ)
sfml-window-s-d.lib(WglContext.cpp.obj) : error LNK2019: ссылка на неразрешенный внешний символ __imp__wglGetCurrentContext@0 в функции "public: virtual __thiscall sf::priv::WglContext::~WglContext(void)" (??1WglContext@priv@sf@@UAE@XZ)
sfml-window-s-d.lib(WglContext.cpp.obj) : error LNK2019: ссылка на неразрешенный внешний символ __imp__wglGetProcAddress@4 в функции "public: static void (__cdecl*__cdecl sf::priv::WglContext::getFunction(char const *))(void)" (?getFunction@WglContext@priv@sf@@SAP6AXXZPBD@Z)
sfml-window-s-d.lib(WglContext.cpp.obj) : error LNK2019: ссылка на неразрешенный внешний символ __imp__wglMakeCurrent@8 в функции "public: virtual __thiscall sf::priv::WglContext::~WglContext(void)" (??1WglContext@priv@sf@@UAE@XZ)
sfml-window-s-d.lib(WglContext.cpp.obj) : error LNK2019: ссылка на неразрешенный внешний символ __imp__wglShareLists@8 в функции "private: void __thiscall sf::priv::WglContext::createContext(class sf::priv::WglContext *)" (?createContext@WglContext@priv@sf@@AAEXPAV123@@Z)
sfml-window-s-d.lib(JoystickImpl.cpp.obj) : error LNK2019: ссылка на неразрешенный внешний символ __imp__joyGetPosEx@8 в функции "public: static void __cdecl sf::priv::JoystickImpl::initialize(void)" (?initialize@JoystickImpl@priv@sf@@SAXXZ)
sfml-window-s-d.lib(JoystickImpl.cpp.obj) : error LNK2019: ссылка на неразрешенный внешний символ __imp__joyGetDevCapsW@12 в функции "public: bool __thiscall sf::priv::JoystickImpl::open(unsigned int)" (?open@JoystickImpl@priv@sf@@QAE_NI@Z)
sfml-system-s-d.lib(SleepImpl.cpp.obj) : error LNK2019: ссылка на неразрешенный внешний символ __imp__timeGetDevCaps@8 в функции "void __cdecl sf::priv::sleepImpl(class sf::Time)" (?sleepImpl@priv@sf@@YAXVTime@2@@Z)
sfml-system-s-d.lib(SleepImpl.cpp.obj) : error LNK2019: ссылка на неразрешенный внешний символ __imp__timeBeginPeriod@4 в функции "void __cdecl sf::priv::sleepImpl(class sf::Time)" (?sleepImpl@priv@sf@@YAXVTime@2@@Z)
sfml-system-s-d.lib(SleepImpl.cpp.obj) : error LNK2019: ссылка на неразрешенный внешний символ __imp__timeEndPeriod@4 в функции "void __cdecl sf::priv::sleepImpl(class sf::Time)" (?sleepImpl@priv@sf@@YAXVTime@2@@Z)
C:\Users\Lenovo\Documents\Visual Studio 2015\Projects\OPR\Clocks\Debug\MiniGame.exe : fatal error LNK1120: неразрешенных внешних элементов: 56
